{"message":"Cannot read property 'then' of undefined","level":"error"}
{"message":"Cannot read property 'then' of undefined","level":"error"}
{"message":"Cannot read property 'then' of undefined","level":"error"}
{"message":"connect ECONNREFUSED 127.0.0.1:5432","level":"error"}
{"message":"connect ECONNREFUSED 127.0.0.1:5432","level":"error"}
{"message":"connect ECONNREFUSED 127.0.0.1:5432","level":"error"}
{"message":"connect ECONNREFUSED 127.0.0.1:5432","level":"error"}
{"message":"connect ECONNREFUSED 127.0.0.1:5432","level":"error"}
{"message":"connect ECONNREFUSED 127.0.0.1:5432","level":"error"}
{"message":"insert into \"scores\" (\"score\", \"user_name\") values (DEFAULT, $1), ($2, DEFAULT) - null value in column \"score\" violates not-null constraint","level":"error"}
{"message":"insert into \"scores\" (\"score\", \"user_name\") values (DEFAULT, $1), ($2, DEFAULT) - null value in column \"score\" violates not-null constraint","level":"error"}
{"message":"insert into \"scores\" (\"score\", \"user_name\") values (DEFAULT, $1), ($2, DEFAULT) - null value in column \"score\" violates not-null constraint","level":"error"}
{"message":"score_id is not defined","level":"error"}
{"message":"insert into \"scores\" (\"score\", \"user_name\") values (DEFAULT, $1), ($2, DEFAULT) returning \"score_id\" - null value in column \"score\" violates not-null constraint","level":"error"}
{"message":"insert into \"scores\" (\"score\", \"user_name\") values (DEFAULT, $1), ($2, DEFAULT) returning \"score_id\" - null value in column \"score\" violates not-null constraint","level":"error"}
{"message":"insert into \"scores\" (\"score\", \"user_name\") values (DEFAULT, $1), ($2, DEFAULT) - null value in column \"score\" violates not-null constraint","level":"error"}
{"message":"insert into \"scores\" (\"score\", \"user_name\") values (DEFAULT, $1), ($2, DEFAULT) - null value in column \"score\" violates not-null constraint","level":"error"}
{"message":"insert into \"scores\" (\"score\", \"user_name\") values ($1, $2) - invalid input syntax for integer: \"NaN\"","level":"error"}
{"message":"insert into \"scores\" (\"score\", \"user_name\") values ($1, $2) - invalid input syntax for integer: \"NaN\"","level":"error"}
{"message":"insert into \"auth\" (\"authToken\") values ($1) - column \"authToken\" of relation \"auth\" does not exist","level":"error"}
{"message":"insert into \"auth\" (\"authToken\") values ($1) - column \"authToken\" of relation \"auth\" does not exist","level":"error"}
{"message":"insert into \"auth\" (\"authToken\") values ($1) - column \"authToken\" of relation \"auth\" does not exist","level":"error"}
{"message":"insert into \"auth\" (\"authToken\") values ($1) - column \"authToken\" of relation \"auth\" does not exist","level":"error"}
{"message":"insert into \"auth\" (\"authToken\") values ($1) - column \"authToken\" of relation \"auth\" does not exist","level":"error"}
{"message":"insert into \"auth\" (\"authToken\") values ($1) - column \"authToken\" of relation \"auth\" does not exist","level":"error"}
{"message":"Undefined binding(s) detected when compiling FIRST. Undefined column(s): [authtoken] query: select \"date_started\" from \"auth\" where \"authtoken\" = ? limit ?","level":"error"}
{"message":"Undefined binding(s) detected when compiling FIRST. Undefined column(s): [authtoken] query: select \"date_started\" from \"auth\" where \"authtoken\" = ? limit ?","level":"error"}
{"message":"Undefined binding(s) detected when compiling SELECT. Undefined column(s): [authtoken] query: select \"date_started\" from \"auth\" where \"authtoken\" = ?","level":"error"}
{"message":"Undefined binding(s) detected when compiling SELECT. Undefined column(s): [authtoken] query: select * from \"auth\" where \"authtoken\" = ?","level":"error"}
{"message":"Undefined binding(s) detected when compiling SELECT. Undefined column(s): [authtoken] query: select * from \"auth\" where \"authtoken\" = ?","level":"error"}
{"message":"Undefined binding(s) detected when compiling SELECT. Undefined column(s): [authtoken] query: select * from \"auth\" where \"authtoken\" = ?","level":"error"}
{"message":"Undefined binding(s) detected when compiling SELECT. Undefined column(s): [authtoken] query: select * from \"auth\" where \"authtoken\" = ?","level":"error"}
{"message":"Undefined binding(s) detected when compiling SELECT. Undefined column(s): [0] query: select * from \"auth\" where \"0\" = ?","level":"error"}
{"message":"Undefined binding(s) detected when compiling SELECT. Undefined column(s): [authtoken] query: select * from \"auth\" where \"authtoken\" = ?","level":"error"}
{"message":"Undefined binding(s) detected when compiling SELECT. Undefined column(s): [authtoken] query: select * from \"auth\" where \"authtoken\" = ?","level":"error"}
{"message":"knexInstance.raw(...).first is not a function","level":"error"}
{"message":"select \"age(now(),date_started)\" from \"auth\" where \"authtoken\" = $1 limit $2 - column \"age(now(),date_started)\" does not exist","level":"error"}
{"message":"insert into \"scores\" (\"authtoken\", \"score\", \"user_name\") values (DEFAULT, $1, $2) - null value in column \"authtoken\" violates not-null constraint","level":"error"}
{"message":"insert into \"scores\" (\"authtoken\", \"score\", \"user_name\") values (DEFAULT, $1, $2) - null value in column \"authtoken\" violates not-null constraint","level":"error"}
{"message":"insert into \"scores\" (\"authtoken\", \"score\", \"user_name\") values (DEFAULT, $1, $2) - null value in column \"authtoken\" violates not-null constraint","level":"error"}
{"message":"Undefined binding(s) detected when compiling FIRST. Undefined column(s): [authtoken] query: select (EXTRACT(EPOCH from (now() - date_started))) from \"auth\" where \"authtoken\" = ? limit ?","level":"error"}
{"message":"insert into \"scores\" (\"authtoken\", \"score\", \"user_name\") values (DEFAULT, $1, $2) - null value in column \"authtoken\" violates not-null constraint","level":"error"}
{"message":"Undefined binding(s) detected when compiling FIRST. Undefined column(s): [authtoken] query: select (EXTRACT(EPOCH from (now() - date_started))) from \"auth\" where \"authtoken\" = ? limit ?","level":"error"}
{"message":"aborted","level":"error"}
{"message":"aborted","level":"error"}
{"message":"aborted","level":"error"}
{"message":"Unable to acquire a connection","level":"error"}
{"message":"Cannot use 'in' operator to search for 'date_part' in undefined","level":"error"}
{"message":"Cannot use 'in' operator to search for 'date_part' in undefined","level":"error"}
{"message":"Cannot use 'in' operator to search for 'date_part' in undefined","level":"error"}
{"message":"Cannot use 'in' operator to search for 'date_part' in undefined","level":"error"}
{"message":"Cannot read property 'date_part' of undefined","level":"error"}
{"message":"Cannot read property 'date_part' of undefined","level":"error"}
{"message":"Cannot read property 'date_part' of undefined","level":"error"}
{"message":"Cannot read property 'date_part' of undefined","level":"error"}
{"message":"Cannot read property 'date_part' of undefined","level":"error"}
{"message":"Cannot read property 'date_part' of undefined","level":"error"}
{"message":"Cannot read property 'date_part' of undefined","level":"error"}
{"message":"Cannot use 'in' operator to search for 'date_part' in undefined","level":"error"}
{"message":"Cannot use 'in' operator to search for 'date_part' in undefined","level":"error"}
{"message":"Cannot use 'in' operator to search for 'date_part' in undefined","level":"error"}
{"message":"Cannot use 'in' operator to search for 'date_part' in undefined","level":"error"}
{"message":"Undefined binding(s) detected when compiling FIRST. Undefined column(s): [authtoken] query: select (EXTRACT(EPOCH from (now() - date_started))) from \"auth\" where \"authtoken\" = ? limit ?","level":"error"}
{"message":"Undefined binding(s) detected when compiling FIRST. Undefined column(s): [authtoken] query: select (EXTRACT(EPOCH from (now() - date_started))) from \"auth\" where \"authtoken\" = ? limit ?","level":"error"}
{"message":"connect ECONNREFUSED 127.0.0.1:5432","level":"error"}
{"message":"connect ECONNREFUSED 127.0.0.1:5432","level":"error"}
